0 info it worked if it ends with ok
1 verbose cli [ 'node', '/usr/local/bin/npm', 'install', '--save', 'jqwidgets' ]
2 info using npm@3.9.5
3 info using node@v0.10.25
4 verbose node symlink /usr/bin/node
5 silly loadCurrentTree Starting
6 silly install loadCurrentTree
7 silly install readLocalPackageData
8 silly fetchPackageMetaData jqwidgets
9 silly fetchNamedPackageData jqwidgets
10 silly mapToRegistry name jqwidgets
11 silly mapToRegistry using default registry
12 silly mapToRegistry registry https://registry.npmjs.org/
13 silly mapToRegistry data { raw: 'jqwidgets',
13 silly mapToRegistry   scope: null,
13 silly mapToRegistry   name: 'jqwidgets',
13 silly mapToRegistry   rawSpec: '',
13 silly mapToRegistry   spec: 'latest',
13 silly mapToRegistry   type: 'tag' }
14 silly mapToRegistry uri https://registry.npmjs.org/jqwidgets
15 verbose request uri https://registry.npmjs.org/jqwidgets
16 verbose request no auth needed
17 info attempt registry request try #1 at 13:43:10
18 verbose request using bearer token for auth
19 verbose request id 5967e05f067a15e1
20 http request GET https://registry.npmjs.org/jqwidgets
21 http 404 https://registry.npmjs.org/jqwidgets
22 verbose headers { server: 'CouchDB/1.5.0 (Erlang OTP/R16B03)',
22 verbose headers   etag: '"962SB0EM7NW4VM1SXC0KKRIWA"',
22 verbose headers   'content-type': 'application/json',
22 verbose headers   'cache-control': 'max-age=0',
22 verbose headers   'content-length': '476',
22 verbose headers   'accept-ranges': 'bytes',
22 verbose headers   date: 'Wed, 22 Jun 2016 11:43:10 GMT',
22 verbose headers   via: '1.1 varnish',
22 verbose headers   connection: 'keep-alive',
22 verbose headers   'x-served-by': 'cache-ams4129-AMS',
22 verbose headers   'x-cache': 'MISS',
22 verbose headers   'x-cache-hits': '0',
22 verbose headers   'x-timer': 'S1466595790.496868,VS0,VE99',
22 verbose headers   vary: 'Accept-Encoding' }
23 silly get cb [ 404,
23 silly get   { server: 'CouchDB/1.5.0 (Erlang OTP/R16B03)',
23 silly get     etag: '"962SB0EM7NW4VM1SXC0KKRIWA"',
23 silly get     'content-type': 'application/json',
23 silly get     'cache-control': 'max-age=0',
23 silly get     'content-length': '476',
23 silly get     'accept-ranges': 'bytes',
23 silly get     date: 'Wed, 22 Jun 2016 11:43:10 GMT',
23 silly get     via: '1.1 varnish',
23 silly get     connection: 'keep-alive',
23 silly get     'x-served-by': 'cache-ams4129-AMS',
23 silly get     'x-cache': 'MISS',
23 silly get     'x-cache-hits': '0',
23 silly get     'x-timer': 'S1466595790.496868,VS0,VE99',
23 silly get     vary: 'Accept-Encoding' } ]
24 silly fetchPackageMetaData Error: Registry returned 404 for GET on https://registry.npmjs.org/jqwidgets
24 silly fetchPackageMetaData     at makeError (/usr/local/lib/node_modules/npm/node_modules/npm-registry-client/lib/request.js:264:12)
24 silly fetchPackageMetaData     at CachingRegistryClient.<anonymous> (/usr/local/lib/node_modules/npm/node_modules/npm-registry-client/lib/request.js:242:14)
24 silly fetchPackageMetaData     at Request._callback (/usr/local/lib/node_modules/npm/node_modules/npm-registry-client/lib/request.js:172:14)
24 silly fetchPackageMetaData     at Request.self.callback (/usr/local/lib/node_modules/npm/node_modules/request/request.js:200:22)
24 silly fetchPackageMetaData     at Request.EventEmitter.emit (events.js:98:17)
24 silly fetchPackageMetaData     at Request.<anonymous> (/usr/local/lib/node_modules/npm/node_modules/request/request.js:1067:10)
24 silly fetchPackageMetaData     at Request.EventEmitter.emit (events.js:117:20)
24 silly fetchPackageMetaData     at IncomingMessage.<anonymous> (/usr/local/lib/node_modules/npm/node_modules/request/request.js:988:12)
24 silly fetchPackageMetaData     at IncomingMessage.EventEmitter.emit (events.js:117:20)
24 silly fetchPackageMetaData     at _stream_readable.js:920:16
24 silly fetchPackageMetaData  error for jqwidgets { [Error: Registry returned 404 for GET on https://registry.npmjs.org/jqwidgets] pkgid: 'jqwidgets', statusCode: 404, code: 'E404' }
25 silly rollbackFailedOptional Starting
26 silly rollbackFailedOptional Finishing
27 silly runTopLevelLifecycles Starting
28 silly runTopLevelLifecycles Finishing
29 silly install printInstalled
30 verbose stack Error: Registry returned 404 for GET on https://registry.npmjs.org/jqwidgets
30 verbose stack     at makeError (/usr/local/lib/node_modules/npm/node_modules/npm-registry-client/lib/request.js:264:12)
30 verbose stack     at CachingRegistryClient.<anonymous> (/usr/local/lib/node_modules/npm/node_modules/npm-registry-client/lib/request.js:242:14)
30 verbose stack     at Request._callback (/usr/local/lib/node_modules/npm/node_modules/npm-registry-client/lib/request.js:172:14)
30 verbose stack     at Request.self.callback (/usr/local/lib/node_modules/npm/node_modules/request/request.js:200:22)
30 verbose stack     at Request.EventEmitter.emit (events.js:98:17)
30 verbose stack     at Request.<anonymous> (/usr/local/lib/node_modules/npm/node_modules/request/request.js:1067:10)
30 verbose stack     at Request.EventEmitter.emit (events.js:117:20)
30 verbose stack     at IncomingMessage.<anonymous> (/usr/local/lib/node_modules/npm/node_modules/request/request.js:988:12)
30 verbose stack     at IncomingMessage.EventEmitter.emit (events.js:117:20)
30 verbose stack     at _stream_readable.js:920:16
31 verbose statusCode 404
32 verbose pkgid jqwidgets
33 verbose cwd /home/jaguilar/workspace/pejotas/client
34 error Linux 3.19.0-61-generic
35 error argv "node" "/usr/local/bin/npm" "install" "--save" "jqwidgets"
36 error node v0.10.25
37 error npm  v3.9.5
38 error code E404
39 error 404 Registry returned 404 for GET on https://registry.npmjs.org/jqwidgets
40 error 404
41 error 404 'jqwidgets' is not in the npm registry.
42 error 404 You should bug the author to publish it (or use the name yourself!)
43 error 404 Note that you can also install from a
44 error 404 tarball, folder, http url, or git url.
45 verbose exit [ 1, true ]
